июл. 10, 2023 11:16:33 AM org.apache.coyote.AbstractProtocol init
INFO: Initializing ProtocolHandler ["http-nio-auto-1"]
июл. 10, 2023 11:16:33 AM org.apache.tomcat.util.net.NioSelectorPool getSharedSelector
INFO: Using a shared selector for servlet write/read
июл. 10, 2023 11:16:33 AM org.apache.catalina.core.StandardService startInternal
INFO: Starting service [Tomcat]
июл. 10, 2023 11:16:33 AM org.apache.catalina.core.StandardEngine startInternal
INFO: Starting Servlet engine: [Apache Tomcat/8.5.69]
июл. 10, 2023 11:16:34 AM org.apache.coyote.AbstractProtocol start
INFO: Starting ProtocolHandler ["http-nio-auto-1-44615"]
июл. 10, 2023 11:16:36 AM exercise.servlet.SessionServlet login
INFO: lavern.keeling@gmail.com
июл. 10, 2023 11:16:36 AM exercise.servlet.SessionServlet login
INFO: shoshana.haley@hotmail.com
июл. 10, 2023 11:16:36 AM exercise.servlet.SessionServlet login
INFO: suzann.barrows@hotmail.com
июл. 10, 2023 11:16:37 AM exercise.servlet.SessionServlet login
INFO: lavern.keeling@gmail.com
июл. 10, 2023 11:16:37 AM exercise.servlet.SessionServlet login
INFO: lavern.keeling@gmail.com
июл. 10, 2023 11:16:37 AM exercise.servlet.SessionServlet login
INFO: lavern.keeling@gmail.com
июл. 10, 2023 11:16:37 AM org.apache.coyote.AbstractProtocol pause
INFO: Pausing ProtocolHandler ["http-nio-auto-1-44615"]
июл. 10, 2023 11:16:37 AM org.apache.catalina.core.StandardService stopInternal
INFO: Stopping service [Tomcat]
июл. 10, 2023 11:16:37 AM org.apache.catalina.loader.WebappClassLoaderBase clearReferencesObjectStreamClassCaches
WARNING: When running on Java 9 or later you need to add "--add-opens=java.base/java.io=null" to the JVM command line arguments to enable ObjectStream cache memory leak protection. Alternatively, you can suppress this warning by disabling ObjectStream class cache memory leak protection.
июл. 10, 2023 11:16:37 AM org.apache.catalina.loader.WebappClassLoaderBase checkThreadLocalsForLeaks
WARNING: When running on Java 9 or later you need to add "--add-opens=java.base/java.lang=null" to the JVM command line arguments to enable ThreadLocal memory leak detection. Alternatively, you can suppress this warning by disabling ThreadLocal memory leak detection.
июл. 10, 2023 11:16:37 AM org.apache.catalina.loader.WebappClassLoaderBase clearReferencesRmiTargets
WARNING: When running on Java 9 or later you need to add "--add-opens=java.rmi/sun.rmi.transport=null" to the JVM command line arguments to enable RMI Target memory leak detection. Alternatively, you can suppress this warning by disabling RMI Target memory leak detection.
июл. 10, 2023 11:16:37 AM org.apache.coyote.AbstractProtocol stop
INFO: Stopping ProtocolHandler ["http-nio-auto-1-44615"]
